\BOOKMARK [1][-]{section.1}{1 竞赛}{}% 1
\BOOKMARK [2][-]{subsection.1.1}{1.1\040PASCAL\040VOC\040Challenges\0402005-2012}{section.1}% 2
\BOOKMARK [2][-]{subsection.1.2}{1.2\040IMAGENET\040Large\040Scale\040Visual\040Recognition\040Challenges\0402010-2015}{section.1}% 3
\BOOKMARK [2][-]{subsection.1.3}{1.3\040Labeled\040Faces\040in\040the\040Wild}{section.1}% 4
\BOOKMARK [1][-]{section.2}{2 数据集13类生物的特征}{}% 5
\BOOKMARK [1][-]{section.3}{3 特征（Ours）}{}% 6
\BOOKMARK [2][-]{subsection.3.1}{3.1 经典特征}{section.3}% 7
\BOOKMARK [3][-]{subsubsection.3.1.1}{3.1.1 SIFT特征}{subsection.3.1}% 8
\BOOKMARK [3][-]{subsubsection.3.1.2}{3.1.2 HOG特征}{subsection.3.1}% 9
\BOOKMARK [3][-]{subsubsection.3.1.3}{3.1.3\040SURF}{subsection.3.1}% 10
\BOOKMARK [3][-]{subsubsection.3.1.4}{3.1.4\040LBP}{subsection.3.1}% 11
\BOOKMARK [3][-]{subsubsection.3.1.5}{3.1.5\040FV\(Fisher\040vector\)}{subsection.3.1}% 12
\BOOKMARK [3][-]{subsubsection.3.1.6}{3.1.6 骨架特征}{subsection.3.1}% 13
\BOOKMARK [3][-]{subsubsection.3.1.7}{3.1.7\040SC}{subsection.3.1}% 14
\BOOKMARK [3][-]{subsubsection.3.1.8}{3.1.8 哈尔特征（Haar-like features）}{subsection.3.1}% 15
\BOOKMARK [2][-]{subsection.3.2}{3.2 其它特征}{section.3}% 16
\BOOKMARK [3][-]{subsubsection.3.2.1}{3.2.1\040local\040symmetry}{subsection.3.2}% 17
\BOOKMARK [3][-]{subsubsection.3.2.2}{3.2.2 灰度特征}{subsection.3.2}% 18
\BOOKMARK [3][-]{subsubsection.3.2.3}{3.2.3\040GIST}{subsection.3.2}% 19
\BOOKMARK [3][-]{subsubsection.3.2.4}{3.2.4\040Harris-Laplace}{subsection.3.2}% 20
\BOOKMARK [3][-]{subsubsection.3.2.5}{3.2.5\040GMM-HMM\(Gaussian\040Mixture\040Model-Hidden\040Markov\040Model\)}{subsection.3.2}% 21
\BOOKMARK [3][-]{subsubsection.3.2.6}{3.2.6\040Gabor}{subsection.3.2}% 22
\BOOKMARK [3][-]{subsubsection.3.2.7}{3.2.7\040DoG}{subsection.3.2}% 23
\BOOKMARK [3][-]{subsubsection.3.2.8}{3.2.8\040Covariance\040Matrix}{subsection.3.2}% 24
\BOOKMARK [3][-]{subsubsection.3.2.9}{3.2.9 凸包}{subsection.3.2}% 25
\BOOKMARK [3][-]{subsubsection.3.2.10}{3.2.10\040ICA\(Independent\040Component\040Analysis\)}{subsection.3.2}% 26
\BOOKMARK [3][-]{subsubsection.3.2.11}{3.2.11 Binary SIFT \(BSIFT\) – Zhou, TIP 2014}{subsection.3.2}% 27
\BOOKMARK [3][-]{subsubsection.3.2.12}{3.2.12\040COGE\040-\040PCM\0402013\040Best\040Paper,\040Mao\040,\0402013}{subsection.3.2}% 28
\BOOKMARK [3][-]{subsubsection.3.2.13}{3.2.13 Ultra-Short Binary Descriptor \(USB\) – Zhang S., TIP , 2014}{subsection.3.2}% 29
\BOOKMARK [3][-]{subsubsection.3.2.14}{3.2.14 Topology-Preserving Hashing – Zhang L., MM 2012}{subsection.3.2}% 30
\BOOKMARK [1][-]{section.4}{4 学习算法}{}% 31
\BOOKMARK [2][-]{subsection.4.1}{4.1 贝叶斯学习}{section.4}% 32
\BOOKMARK [2][-]{subsection.4.2}{4.2 SVM方法}{section.4}% 33
\BOOKMARK [2][-]{subsection.4.3}{4.3\040K-means}{section.4}% 34
\BOOKMARK [2][-]{subsection.4.4}{4.4\040Decision\040tree}{section.4}% 35
\BOOKMARK [2][-]{subsection.4.5}{4.5\040EM\(Expectation\040Maximization\040Algorithm\)}{section.4}% 36
\BOOKMARK [2][-]{subsection.4.6}{4.6\040KNN}{section.4}% 37
\BOOKMARK [2][-]{subsection.4.7}{4.7 ELM（极限学习机）}{section.4}% 38
\BOOKMARK [2][-]{subsection.4.8}{4.8 集成学习（Ensemble learning）}{section.4}% 39
\BOOKMARK [3][-]{subsubsection.4.8.1}{4.8.1\040AdaBoost}{subsection.4.8}% 40
\BOOKMARK [3][-]{subsubsection.4.8.2}{4.8.2\040Bagging}{subsection.4.8}% 41
\BOOKMARK [3][-]{subsubsection.4.8.3}{4.8.3\040Gasen}{subsection.4.8}% 42
\BOOKMARK [1][-]{section.5}{5 技术路线和方案}{}% 43
\BOOKMARK [2][-]{subsection.5.1}{5.1 技术路线}{section.5}% 44
\BOOKMARK [1][-]{section.6}{6 实验与分析（去噪前）}{}% 45
\BOOKMARK [2][-]{subsection.6.1}{6.1\040HOG+SVM}{section.6}% 46
\BOOKMARK [3][-]{subsubsection.6.1.1}{6.1.1 理论}{subsection.6.1}% 47
\BOOKMARK [3][-]{subsubsection.6.1.2}{6.1.2 实验}{subsection.6.1}% 48
\BOOKMARK [3][-]{subsubsection.6.1.3}{6.1.3 分析}{subsection.6.1}% 49
\BOOKMARK [2][-]{subsection.6.2}{6.2\040LBP+SVM}{section.6}% 50
\BOOKMARK [3][-]{subsubsection.6.2.1}{6.2.1 实验}{subsection.6.2}% 51
\BOOKMARK [3][-]{subsubsection.6.2.2}{6.2.2 分析}{subsection.6.2}% 52
\BOOKMARK [2][-]{subsection.6.3}{6.3\040SIFT+BoW+SVM}{section.6}% 53
\BOOKMARK [3][-]{subsubsection.6.3.1}{6.3.1 理论}{subsection.6.3}% 54
\BOOKMARK [3][-]{subsubsection.6.3.2}{6.3.2 实验}{subsection.6.3}% 55
\BOOKMARK [2][-]{subsection.6.4}{6.4\040HOG+RandomForest}{section.6}% 56
\BOOKMARK [3][-]{subsubsection.6.4.1}{6.4.1 实验}{subsection.6.4}% 57
\BOOKMARK [3][-]{subsubsection.6.4.2}{6.4.2 分析}{subsection.6.4}% 58
\BOOKMARK [2][-]{subsection.6.5}{6.5\040LBP+RandomForest}{section.6}% 59
\BOOKMARK [3][-]{subsubsection.6.5.1}{6.5.1 实验}{subsection.6.5}% 60
\BOOKMARK [3][-]{subsubsection.6.5.2}{6.5.2 分析}{subsection.6.5}% 61
\BOOKMARK [1][-]{section.7}{7 实验与分析（去噪后）}{}% 62
\BOOKMARK [2][-]{subsection.7.1}{7.1 实验一}{section.7}% 63
\BOOKMARK [2][-]{subsection.7.2}{7.2 实验二}{section.7}% 64
\BOOKMARK [2][-]{subsection.7.3}{7.3 实验三}{section.7}% 65
\BOOKMARK [2][-]{subsection.7.4}{7.4 实验四}{section.7}% 66
\BOOKMARK [3][-]{subsubsection.7.4.1}{7.4.1 实验结果}{subsection.7.4}% 67
\BOOKMARK [3][-]{subsubsection.7.4.2}{7.4.2 实验结果对比}{subsection.7.4}% 68
\BOOKMARK [3][-]{subsubsection.7.4.3}{7.4.3 该去噪方法存在的问题}{subsection.7.4}% 69
\BOOKMARK [2][-]{subsection.7.5}{7.5 去噪实验分析}{section.7}% 70
